<?xml version="1.0" encoding="UTF-8"?>
<testsuite xmlns:xsi="http://www.w3.org/2001/XMLSchema-instance" xsi:noNamespaceSchemaLocation="https://maven.apache.org/surefire/maven-failsafe-plugin/xsd/failsafe-test-report.xsd" name="com.pe.checkout.service.runners.CucumberTestSuite" time="27.919" tests="5" errors="0" skipped="0" failures="0">
  <properties>
[...]
</properties>
  <testcase name="Validar que el EP Pay responda correctamente" classname="Funcionalidad de Checkout Ecommerce" time="12.51"/>
  <testcase name="Validar que el EP Pay no responda correctamente de acuerdo a las validaciones #1" classname="Funcionalidad de Checkout Ecommerce" time="3.079"/>
  <testcase name="Validar que el EP Pay no responda correctamente de acuerdo a las validaciones #2" classname="Funcionalidad de Checkout Ecommerce" time="2.737"/>
  <testcase name="Validar que el EP Pay no responda correctamente de acuerdo a las validaciones #3" classname="Funcionalidad de Checkout Ecommerce" time="2.598"/>
  <testcase name="Validar que el EP Pay no responda correctamente de acuerdo a las validaciones #4" classname="Funcionalidad de Checkout Ecommerce" time="3.351"/>
</testsuite>